<?xml version="1.0" encoding="UTF-8"?>
<!-- Generated by org.testng.reporters.JUnitReportReporter -->
<testsuite hostname="RSPACE075" name="bookstore.BookstoreTest" tests="2" failures="0" timestamp="17 Aug 2016 14:43:50 GMT" time="4.640" errors="0">
  <testcase name="putTest" time="2.408" classname="bookstore.BookstoreTest"/>
  <testcase name="getTest" time="2.232" classname="bookstore.BookstoreTest"/>
</testsuite> <!-- bookstore.BookstoreTest -->
