<?xml version="1.0" encoding="UTF-8"?>
<!-- Generated by org.testng.reporters.JUnitReportReporter -->
<testsuite hostname="RSPACE075" name="bookstore.BookstoreTest" tests="2" failures="0" timestamp="21 Aug 2016 14:05:40 GMT" time="3.167" errors="0">
  <testcase name="getTest" time="2.151" classname="bookstore.BookstoreTest"/>
  <testcase name="putTest" time="1.016" classname="bookstore.BookstoreTest"/>
</testsuite> <!-- bookstore.BookstoreTest -->
