<?xml version="1.0" encoding="UTF-8"?>
<!-- Generated by org.testng.reporters.JUnitReportReporter -->
<testsuite hostname="RSPACE075" name="bookstore.BookstoreTest" tests="2" failures="0" timestamp="21 Aug 2016 08:07:56 GMT" time="5.048" errors="0">
  <testcase name="getTest" time="2.266" classname="bookstore.BookstoreTest"/>
  <testcase name="putTest" time="2.782" classname="bookstore.BookstoreTest"/>
</testsuite> <!-- bookstore.BookstoreTest -->
