<?xml version="1.0" encoding="UTF-8"?>
<!-- Generated by org.testng.reporters.JUnitReportReporter -->
<testsuite hostname="RSPACE075" name="bookstore.BookstoreTest" tests="2" failures="0" timestamp="21 Aug 2016 14:41:05 GMT" time="3.616" errors="0">
  <testcase name="putTest" time="1.422" classname="bookstore.BookstoreTest"/>
  <testcase name="getTest" time="2.194" classname="bookstore.BookstoreTest"/>
</testsuite> <!-- bookstore.BookstoreTest -->
