<?xml version="1.0" encoding="UTF-8"?>
<!-- Generated by org.testng.reporters.JUnitReportReporter -->
<testsuite hostname="RSPACE075" name="bookstore.BookstoreTest" tests="1" failures="0" timestamp="17 Aug 2016 11:24:38 GMT" time="1.787" errors="0">
  <testcase name="simplePutTest" time="1.787" classname="bookstore.BookstoreTest"/>
</testsuite> <!-- bookstore.BookstoreTest -->
