<?xml version="1.0" encoding="UTF-8"?>
<!-- Generated by org.testng.reporters.JUnitReportReporter -->
<testsuite hostname="Alon" name="bookstore.BookstoreTest" tests="2" failures="0" timestamp="27 Aug 2016 17:27:57 GMT" time="4.264" errors="0">
  <testcase name="putTest" time="1.844" classname="bookstore.BookstoreTest"/>
  <testcase name="getTest" time="2.420" classname="bookstore.BookstoreTest"/>
</testsuite> <!-- bookstore.BookstoreTest -->
